mode: set
legend_score/consts/tournament_type/const.go:18.32,19.11 1 0
legend_score/consts/tournament_type/const.go:20.16,21.24 1 0
legend_score/consts/tournament_type/const.go:22.18,23.18 1 0
legend_score/consts/tournament_type/const.go:24.17,25.21 1 0
legend_score/consts/tournament_type/const.go:26.18,27.33 1 0
legend_score/consts/tournament_type/const.go:28.13,29.18 1 0
legend_score/consts/tournament_type/const.go:30.10,31.12 1 0
legend_score/legend_score.go:10.13,14.41 3 0
legend_score/legend_score.go:14.41,16.3 1 0
legend_score/legend_score.go:18.2,18.16 1 0
legend_score/legend_score.go:18.16,19.13 1 0
legend_score/entities/tournament.go:17.50,22.2 3 0
legend_score/controllers/response/line_message.go:20.90,31.2 5 0
legend_score/controllers/response/line_message.go:33.53,35.22 2 0
legend_score/controllers/response/line_message.go:35.22,37.3 1 0
legend_score/controllers/response/line_message.go:37.8,39.3 1 0
legend_score/controllers/response/line_message.go:41.2,45.16 4 0
legend_score/controllers/response/line_message.go:48.61,57.26 6 0
legend_score/controllers/response/line_message.go:57.26,60.3 2 0
legend_score/controllers/response/line_message.go:62.2,64.16 2 0
legend_score/controllers/response/line_message.go:67.91,76.2 6 0
legend_score/controllers/response/line_message.go:78.92,88.2 7 0
legend_score/controllers/response/line_message.go:90.92,104.28 9 0
legend_score/controllers/response/line_message.go:104.28,109.24 2 0
legend_score/controllers/response/line_message.go:109.24,115.31 2 0
legend_score/controllers/response/line_message.go:115.31,118.5 2 0
legend_score/controllers/response/line_message.go:118.10,121.57 2 0
legend_score/controllers/response/line_message.go:121.57,123.6 1 0
legend_score/controllers/response/line_message.go:123.11,125.6 1 0
legend_score/controllers/response/line_message.go:128.4,128.45 1 0
legend_score/controllers/response/line_message.go:131.3,131.33 1 0
legend_score/controllers/response/line_message.go:134.2,136.13 2 0
legend_score/controllers/response/line_message.go:139.53,143.26 3 0
legend_score/controllers/response/line_message.go:143.26,144.13 1 0
legend_score/controllers/response/line_message.go:144.13,146.12 2 0
legend_score/controllers/response/line_message.go:147.9,147.22 1 0
legend_score/controllers/response/line_message.go:147.22,150.12 3 0
legend_score/controllers/response/line_message.go:151.9,153.4 1 0
legend_score/controllers/response/line_message.go:156.2,156.19 1 0
legend_score/controllers/response/line_message.go:156.19,158.3 1 0
legend_score/controllers/response/line_message.go:160.2,160.15 1 0
legend_score/controllers/response/line_message.go:163.88,173.2 3 0
legend_score/controllers/response/player.go:11.59,15.2 3 0
legend_score/controllers/response/player_score.go:26.72,31.31 3 0
legend_score/controllers/response/player_score.go:31.31,34.37 2 0
legend_score/controllers/response/player_score.go:34.37,42.4 2 0
legend_score/controllers/response/player_score.go:44.3,44.62 1 0
legend_score/controllers/response/player_score.go:44.62,48.4 3 0
legend_score/controllers/response/rank.go:19.79,22.23 2 0
legend_score/controllers/response/rank.go:22.23,33.22 2 0
legend_score/controllers/response/rank.go:33.22,35.4 1 0
legend_score/controllers/response/rank.go:37.3,37.22 1 0
legend_score/controllers/response/rank.go:40.2,40.19 1 0
legend_score/controllers/response/rank_message.go:15.101,20.23 4 0
legend_score/controllers/response/rank_message.go:20.23,21.15 1 0
legend_score/controllers/response/rank_message.go:21.15,23.4 1 0
legend_score/controllers/response/rank_message.go:23.9,25.4 1 0
legend_score/controllers/response/rank_message.go:28.2,31.21 3 0
legend_score/controllers/response/rank_message.go:31.21,33.3 1 0
legend_score/controllers/response/rank_message.go:35.2,39.12 2 0
legend_score/controllers/response/rank_message.go:42.93,50.2 3 0
legend_score/controllers/response/rank_message.go:52.95,55.26 2 0
legend_score/controllers/response/rank_message.go:55.26,93.3 10 0
legend_score/controllers/response/rank_message.go:95.2,100.13 2 0
legend_score/controllers/response/tournament.go:20.115,24.23 3 0
legend_score/controllers/response/tournament.go:24.23,32.32 2 0
legend_score/controllers/response/tournament.go:32.32,34.4 1 0
legend_score/controllers/response/tournament.go:34.9,34.38 1 0
legend_score/controllers/response/tournament.go:34.38,36.4 1 0
legend_score/controllers/response/tournament.go:37.3,37.24 1 0
legend_score/controllers/response/tournament.go:40.2,40.20 1 0
legend_score/di/controller.go:9.42,15.2 5 0
legend_score/di/di.go:13.39,19.2 5 0
legend_score/di/di.go:21.42,22.37 1 0
legend_score/di/di.go:22.37,24.3 1 0
legend_score/di/repository.go:9.42,18.2 8 0
legend_score/di/usecase.go:9.39,16.2 6 0
legend_score/controllers/auth.go:16.69,20.2 1 0
legend_score/controllers/auth.go:22.57,24.37 2 0
legend_score/controllers/auth.go:24.37,27.3 2 0
legend_score/controllers/auth.go:29.2,31.16 2 0
legend_score/controllers/auth.go:31.16,34.3 2 0
legend_score/controllers/auth.go:36.2,38.41 2 0
legend_score/controllers/line.go:26.21,32.2 1 0
legend_score/controllers/line.go:34.60,39.16 2 0
legend_score/controllers/line.go:39.16,42.3 2 0
legend_score/controllers/line.go:44.2,48.17 3 0
legend_score/controllers/line.go:48.17,51.3 2 0
legend_score/controllers/line.go:53.2,55.16 2 0
legend_score/controllers/line.go:55.16,58.3 2 0
legend_score/controllers/line.go:60.2,60.34 1 0
legend_score/controllers/line.go:60.34,63.28 2 0
legend_score/controllers/line.go:64.29,67.18 2 0
legend_score/controllers/line.go:67.18,70.5 2 0
legend_score/controllers/line.go:72.4,74.18 2 0
legend_score/controllers/line.go:74.18,77.5 2 0
legend_score/controllers/line.go:79.4,79.14 1 0
legend_score/controllers/line.go:80.23,84.19 3 0
legend_score/controllers/line.go:84.19,87.6 2 0
legend_score/controllers/line.go:89.5,99.6 1 0
legend_score/controllers/line.go:100.30,104.19 4 0
legend_score/controllers/line.go:104.19,107.6 2 0
legend_score/controllers/line.go:108.5,122.19 3 0
legend_score/controllers/line.go:122.19,125.6 2 0
legend_score/controllers/line.go:131.2,131.41 1 0
legend_score/controllers/player_score.go:20.28,25.2 1 0
legend_score/controllers/player_score.go:27.63,29.37 2 0
legend_score/controllers/player_score.go:29.37,32.3 2 0
legend_score/controllers/player_score.go:34.2,36.16 2 0
legend_score/controllers/player_score.go:36.16,39.3 2 0
legend_score/controllers/player_score.go:41.2,43.16 2 0
legend_score/controllers/player_score.go:43.16,46.3 2 0
legend_score/controllers/player_score.go:48.2,52.16 3 0
legend_score/controllers/player_score.go:52.16,55.3 2 0
legend_score/controllers/player_score.go:57.2,60.45 3 0
legend_score/controllers/rank.go:23.21,28.2 1 0
legend_score/controllers/rank.go:30.56,32.37 2 0
legend_score/controllers/rank.go:32.37,35.3 2 0
legend_score/controllers/rank.go:37.2,39.16 2 0
legend_score/controllers/rank.go:39.16,42.3 2 0
legend_score/controllers/rank.go:44.2,51.16 3 0
legend_score/controllers/rank.go:51.16,54.3 2 0
legend_score/controllers/rank.go:56.2,59.45 3 0
legend_score/controllers/tournament.go:21.27,25.2 1 0
legend_score/controllers/tournament.go:27.62,29.37 2 0
legend_score/controllers/tournament.go:29.37,32.3 2 0
legend_score/controllers/tournament.go:34.2,40.16 3 0
legend_score/controllers/tournament.go:40.16,43.3 2 0
legend_score/controllers/tournament.go:45.2,45.18 1 0
legend_score/controllers/tournament.go:45.18,48.3 2 0
legend_score/controllers/tournament.go:50.2,52.16 2 0
legend_score/controllers/tournament.go:52.16,55.3 2 0
legend_score/controllers/tournament.go:57.2,57.31 1 0
legend_score/controllers/tournament.go:57.31,60.3 2 0
legend_score/controllers/tournament.go:62.2,65.45 3 0
legend_score/infra/database/connection/conn.go:19.34,22.16 2 1
legend_score/infra/database/connection/conn.go:22.16,23.13 1 0
legend_score/infra/database/connection/conn.go:26.2,26.29 1 1
legend_score/infra/database/connection/conn.go:31.39,33.16 2 1
legend_score/infra/database/connection/conn.go:33.16,36.3 2 0
legend_score/infra/database/connection/conn.go:38.2,39.16 2 1
legend_score/infra/database/connection/conn.go:39.16,42.3 2 0
legend_score/infra/database/connection/conn.go:44.2,58.16 3 1
legend_score/infra/database/connection/conn.go:58.16,61.3 2 0
legend_score/infra/database/connection/conn.go:63.2,66.18 3 1
legend_score/infra/logger/logger.go:12.24,16.2 3 0
legend_score/infra/logger/logger.go:20.23,24.2 3 0
legend_score/infra/logger/logger.go:26.24,30.2 3 0
legend_score/infra/logger/logger.go:32.44,40.2 3 0
legend_score/infra/server/server.go:33.36,41.2 1 0
legend_score/infra/server/server.go:43.26,48.16 4 0
legend_score/infra/server/server.go:48.16,50.3 1 0
legend_score/infra/server/server.go:52.2,52.44 1 0
legend_score/infra/server/server.go:55.28,68.2 7 0
legend_score/infra/logger/logger.go:12.24,16.2 3 0
legend_score/infra/logger/logger.go:20.23,24.2 3 0
legend_score/infra/logger/logger.go:26.24,30.2 3 0
legend_score/infra/logger/logger.go:32.44,40.2 3 0
legend_score/repositories/mock/player.go:14.93,17.2 2 0
legend_score/consts/tournament_type/const.go:18.32,19.11 1 0
legend_score/consts/tournament_type/const.go:20.16,21.24 1 0
legend_score/consts/tournament_type/const.go:22.18,23.18 1 0
legend_score/consts/tournament_type/const.go:24.17,25.21 1 0
legend_score/consts/tournament_type/const.go:26.18,27.33 1 0
legend_score/consts/tournament_type/const.go:28.13,29.18 1 0
legend_score/consts/tournament_type/const.go:30.10,31.12 1 0
legend_score/entities/tournament.go:17.50,22.2 3 0
legend_score/infra/logger/logger.go:12.24,16.2 3 0
legend_score/infra/logger/logger.go:20.23,24.2 3 0
legend_score/infra/logger/logger.go:26.24,30.2 3 0
legend_score/infra/logger/logger.go:32.44,40.2 3 0
legend_score/repositories/admin_user.go:16.81,20.2 1 1
legend_score/repositories/admin_user.go:22.100,27.16 3 1
legend_score/repositories/admin_user.go:27.16,30.3 2 0
legend_score/repositories/admin_user.go:32.2,32.17 1 1
legend_score/repositories/player.go:17.75,21.2 1 1
legend_score/repositories/player.go:23.92,28.16 3 1
legend_score/repositories/player.go:28.16,31.3 2 0
legend_score/repositories/player.go:33.2,33.21 1 1
legend_score/repositories/schedule.go:17.79,21.2 1 1
legend_score/repositories/schedule.go:23.97,28.16 3 1
legend_score/repositories/schedule.go:28.16,31.3 2 0
legend_score/repositories/schedule.go:33.2,33.15 1 1
legend_score/repositories/schedule_detail.go:17.91,21.2 1 1
legend_score/repositories/schedule_detail.go:23.115,28.16 3 1
legend_score/repositories/schedule_detail.go:28.16,31.3 2 0
legend_score/repositories/schedule_detail.go:33.2,33.16 1 1
legend_score/repositories/tournament.go:17.83,21.2 1 1
legend_score/repositories/tournament.go:23.102,28.16 3 1
legend_score/repositories/tournament.go:28.16,31.3 2 0
legend_score/repositories/tournament.go:33.2,33.15 1 1
legend_score/repositories/tournament_manage.go:19.128,24.2 1 1
legend_score/repositories/tournament_manage.go:26.112,35.16 6 1
legend_score/repositories/tournament_manage.go:35.16,38.3 2 0
legend_score/repositories/tournament_manage.go:40.2,44.31 4 1
legend_score/repositories/tournament_manage.go:44.31,51.17 3 1
legend_score/repositories/tournament_manage.go:51.17,54.4 2 0
legend_score/repositories/tournament_manage.go:56.3,56.34 1 1
legend_score/repositories/tournament_manage.go:59.2,59.17 1 1
legend_score/repositories/tournament_manage.go:62.116,66.16 3 0
legend_score/repositories/tournament_manage.go:66.16,69.3 2 0
legend_score/repositories/tournament_manage.go:71.2,71.16 1 0
legend_score/repositories/tournament_score.go:17.93,21.2 1 1
legend_score/repositories/tournament_score.go:23.117,28.16 3 1
legend_score/repositories/tournament_score.go:28.16,31.3 2 0
legend_score/repositories/tournament_score.go:33.2,33.16 1 1
legend_score/repositories/tournament_score_detail.go:17.105,21.2 1 1
legend_score/repositories/tournament_score_detail.go:23.135,28.16 3 1
legend_score/repositories/tournament_score_detail.go:28.16,31.3 2 0
legend_score/repositories/tournament_score_detail.go:33.2,33.16 1 1